<?xml version="1.0" encoding="UTF-8"?>
<testsuite xmlns:xsi="http://www.w3.org/2001/XMLSchema-instance" xsi:noNamespaceSchemaLocation="https://maven.apache.org/surefire/maven-surefire-plugin/xsd/surefire-test-report.xsd" version="3.0.2" name="com.product.producer_ms.ProducerMsApplicationTests" time="6.33" tests="1" errors="0" skipped="0" failures="0">
  <properties>
    <property name="java.specification.version" value="17"/>
    <property name="sun.cpu.isalist" value="amd64"/>
    <property name="sun.jnu.encoding" value="Cp1252"/>
    <property name="java.class.path" value="C:\Users\FLEX 5\Documents\kafka\ScratchProject\producer-ms\target\test-classes;C:\Users\FLEX 5\Documents\kafka\ScratchProject\producer-ms\target\classes;C:\Users\FLEX 5\.m2\repository\com\library\model\core\0.0.1-SNAPSHOT\core-0.0.1-SNAPSHOT.jar;C:\Users\FLEX 5\.m2\repository\org\springframework\boot\spring-boot-starter\3.4.1\spring-boot-starter-3.4.1.jar;C:\Users\FLEX 5\.m2\repository\org\springframework\boot\spring-boot\3.4.1\spring-boot-3.4.1.jar;C:\Users\FLEX 5\.m2\repository\org\springframework\boot\spring-boot-autoconfigure\3.4.1\spring-boot-autoconfigure-3.4.1.jar;C:\Users\FLEX 5\.m2\repository\org\springframework\boot\spring-boot-starter-logging\3.4.1\spring-boot-starter-logging-3.4.1.jar;C:\Users\FLEX 5\.m2\repository\ch\qos\logback\logback-classic\1.5.12\logback-classic-1.5.12.jar;C:\Users\FLEX 5\.m2\repository\org\apache\logging\log4j\log4j-to-slf4j\2.24.3\log4j-to-slf4j-2.24.3.jar;C:\Users\FLEX 5\.m2\repository\org\apache\logging\log4j\log4j-api\2.24.3\log4j-api-2.24.3.jar;C:\Users\FLEX 5\.m2\repository\org\slf4j\jul-to-slf4j\2.0.16\jul-to-slf4j-2.0.16.jar;C:\Users\FLEX 5\.m2\repository\jakarta\annotation\jakarta.annotation-api\2.1.1\jakarta.annotation-api-2.1.1.jar;C:\Users\FLEX 5\.m2\repository\org\springframework\spring-core\6.2.1\spring-core-6.2.1.jar;C:\Users\FLEX 5\.m2\repository\org\springframework\spring-jcl\6.2.1\spring-jcl-6.2.1.jar;C:\Users\FLEX 5\.m2\repository\org\yaml\snakeyaml\2.3\snakeyaml-2.3.jar;C:\Users\FLEX 5\.m2\repository\org\springframework\boot\spring-boot-starter-web\3.4.1\spring-boot-starter-web-3.4.1.jar;C:\Users\FLEX 5\.m2\repository\org\springframework\boot\spring-boot-starter-json\3.4.1\spring-boot-starter-json-3.4.1.jar;C:\Users\FLEX 5\.m2\repository\com\fasterxml\jackson\core\jackson-databind\2.18.2\jackson-databind-2.18.2.jar;C:\Users\FLEX 5\.m2\repository\com\fasterxml\jackson\core\jackson-annotations\2.18.2\jackson-annotations-2.18.2.jar;C:\Users\FLEX 5\.m2\repository\com\fasterxml\jackson\datatype\jackson-datatype-jdk8\2.18.2\jackson-datatype-jdk8-2.18.2.jar;C:\Users\FLEX 5\.m2\repository\com\fasterxml\jackson\datatype\jackson-datatype-jsr310\2.18.2\jackson-datatype-jsr310-2.18.2.jar;C:\Users\FLEX 5\.m2\repository\com\fasterxml\jackson\module\jackson-module-parameter-names\2.18.2\jackson-module-parameter-names-2.18.2.jar;C:\Users\FLEX 5\.m2\repository\org\springframework\boot\spring-boot-starter-tomcat\3.4.1\spring-boot-starter-tomcat-3.4.1.jar;C:\Users\FLEX 5\.m2\repository\org\apache\tomcat\embed\tomcat-embed-core\10.1.34\tomcat-embed-core-10.1.34.jar;C:\Users\FLEX 5\.m2\repository\org\apache\tomcat\embed\tomcat-embed-el\10.1.34\tomcat-embed-el-10.1.34.jar;C:\Users\FLEX 5\.m2\repository\org\apache\tomcat\embed\tomcat-embed-websocket\10.1.34\tomcat-embed-websocket-10.1.34.jar;C:\Users\FLEX 5\.m2\repository\org\springframework\spring-web\6.2.1\spring-web-6.2.1.jar;C:\Users\FLEX 5\.m2\repository\org\springframework\spring-beans\6.2.1\spring-beans-6.2.1.jar;C:\Users\FLEX 5\.m2\repository\org\springframework\spring-webmvc\6.2.1\spring-webmvc-6.2.1.jar;C:\Users\FLEX 5\.m2\repository\org\springframework\spring-aop\6.2.1\spring-aop-6.2.1.jar;C:\Users\FLEX 5\.m2\repository\org\springframework\spring-expression\6.2.1\spring-expression-6.2.1.jar;C:\Users\FLEX 5\.m2\repository\org\springframework\kafka\spring-kafka\3.3.1\spring-kafka-3.3.1.jar;C:\Users\FLEX 5\.m2\repository\org\springframework\spring-context\6.2.1\spring-context-6.2.1.jar;C:\Users\FLEX 5\.m2\repository\org\springframework\spring-messaging\6.2.1\spring-messaging-6.2.1.jar;C:\Users\FLEX 5\.m2\repository\org\springframework\spring-tx\6.2.1\spring-tx-6.2.1.jar;C:\Users\FLEX 5\.m2\repository\org\springframework\retry\spring-retry\2.0.11\spring-retry-2.0.11.jar;C:\Users\FLEX 5\.m2\repository\org\apache\kafka\kafka-clients\3.8.1\kafka-clients-3.8.1.jar;C:\Users\FLEX 5\.m2\repository\com\github\luben\zstd-jni\1.5.6-4\zstd-jni-1.5.6-4.jar;C:\Users\FLEX 5\.m2\repository\org\lz4\lz4-java\1.8.0\lz4-java-1.8.0.jar;C:\Users\FLEX 5\.m2\repository\org\xerial\snappy\snappy-java\1.1.10.5\snappy-java-1.1.10.5.jar;C:\Users\FLEX 5\.m2\repository\org\slf4j\slf4j-api\2.0.16\slf4j-api-2.0.16.jar;C:\Users\FLEX 5\.m2\repository\io\micrometer\micrometer-observation\1.14.2\micrometer-observation-1.14.2.jar;C:\Users\FLEX 5\.m2\repository\io\micrometer\micrometer-commons\1.14.2\micrometer-commons-1.14.2.jar;C:\Users\FLEX 5\.m2\repository\org\springframework\boot\spring-boot-starter-test\3.4.1\spring-boot-starter-test-3.4.1.jar;C:\Users\FLEX 5\.m2\repository\org\springframework\boot\spring-boot-test\3.4.1\spring-boot-test-3.4.1.jar;C:\Users\FLEX 5\.m2\repository\org\springframework\boot\spring-boot-test-autoconfigure\3.4.1\spring-boot-test-autoconfigure-3.4.1.jar;C:\Users\FLEX 5\.m2\repository\com\jayway\jsonpath\json-path\2.9.0\json-path-2.9.0.jar;C:\Users\FLEX 5\.m2\repository\jakarta\xml\bind\jakarta.xml.bind-api\4.0.2\jakarta.xml.bind-api-4.0.2.jar;C:\Users\FLEX 5\.m2\repository\jakarta\activation\jakarta.activation-api\2.1.3\jakarta.activation-api-2.1.3.jar;C:\Users\FLEX 5\.m2\repository\net\minidev\json-smart\2.5.1\json-smart-2.5.1.jar;C:\Users\FLEX 5\.m2\repository\net\minidev\accessors-smart\2.5.1\accessors-smart-2.5.1.jar;C:\Users\FLEX 5\.m2\repository\org\ow2\asm\asm\9.6\asm-9.6.jar;C:\Users\FLEX 5\.m2\repository\org\assertj\assertj-core\3.26.3\assertj-core-3.26.3.jar;C:\Users\FLEX 5\.m2\repository\net\bytebuddy\byte-buddy\1.15.11\byte-buddy-1.15.11.jar;C:\Users\FLEX 5\.m2\repository\org\awaitility\awaitility\4.2.2\awaitility-4.2.2.jar;C:\Users\FLEX 5\.m2\repository\org\hamcrest\hamcrest\2.2\hamcrest-2.2.jar;C:\Users\FLEX 5\.m2\repository\org\junit\jupiter\junit-jupiter\5.11.4\junit-jupiter-5.11.4.jar;C:\Users\FLEX 5\.m2\repository\org\junit\jupiter\junit-jupiter-params\5.11.4\junit-jupiter-params-5.11.4.jar;C:\Users\FLEX 5\.m2\repository\org\junit\jupiter\junit-jupiter-engine\5.11.4\junit-jupiter-engine-5.11.4.jar;C:\Users\FLEX 5\.m2\repository\org\mockito\mockito-core\5.14.2\mockito-core-5.14.2.jar;C:\Users\FLEX 5\.m2\repository\net\bytebuddy\byte-buddy-agent\1.15.11\byte-buddy-agent-1.15.11.jar;C:\Users\FLEX 5\.m2\repository\org\objenesis\objenesis\3.3\objenesis-3.3.jar;C:\Users\FLEX 5\.m2\repository\org\mockito\mockito-junit-jupiter\5.14.2\mockito-junit-jupiter-5.14.2.jar;C:\Users\FLEX 5\.m2\repository\org\skyscreamer\jsonassert\1.5.3\jsonassert-1.5.3.jar;C:\Users\FLEX 5\.m2\repository\com\vaadin\external\google\android-json\0.0.20131108.vaadin1\android-json-0.0.20131108.vaadin1.jar;C:\Users\FLEX 5\.m2\repository\org\springframework\spring-test\6.2.1\spring-test-6.2.1.jar;C:\Users\FLEX 5\.m2\repository\org\xmlunit\xmlunit-core\2.10.0\xmlunit-core-2.10.0.jar;C:\Users\FLEX 5\.m2\repository\org\springframework\kafka\spring-kafka-test\3.3.1\spring-kafka-test-3.3.1.jar;C:\Users\FLEX 5\.m2\repository\org\apache\zookeeper\zookeeper\3.8.4\zookeeper-3.8.4.jar;C:\Users\FLEX 5\.m2\repository\org\apache\zookeeper\zookeeper-jute\3.8.4\zookeeper-jute-3.8.4.jar;C:\Users\FLEX 5\.m2\repository\org\apache\yetus\audience-annotations\0.12.0\audience-annotations-0.12.0.jar;C:\Users\FLEX 5\.m2\repository\io\netty\netty-handler\4.1.116.Final\netty-handler-4.1.116.Final.jar;C:\Users\FLEX 5\.m2\repository\io\netty\netty-common\4.1.116.Final\netty-common-4.1.116.Final.jar;C:\Users\FLEX 5\.m2\repository\io\netty\netty-resolver\4.1.116.Final\netty-resolver-4.1.116.Final.jar;C:\Users\FLEX 5\.m2\repository\io\netty\netty-buffer\4.1.116.Final\netty-buffer-4.1.116.Final.jar;C:\Users\FLEX 5\.m2\repository\io\netty\netty-transport\4.1.116.Final\netty-transport-4.1.116.Final.jar;C:\Users\FLEX 5\.m2\repository\io\netty\netty-transport-native-unix-common\4.1.116.Final\netty-transport-native-unix-common-4.1.116.Final.jar;C:\Users\FLEX 5\.m2\repository\io\netty\netty-codec\4.1.116.Final\netty-codec-4.1.116.Final.jar;C:\Users\FLEX 5\.m2\repository\io\netty\netty-transport-native-epoll\4.1.116.Final\netty-transport-native-epoll-4.1.116.Final.jar;C:\Users\FLEX 5\.m2\repository\io\netty\netty-transport-classes-epoll\4.1.116.Final\netty-transport-classes-epoll-4.1.116.Final.jar;C:\Users\FLEX 5\.m2\repository\ch\qos\logback\logback-core\1.5.12\logback-core-1.5.12.jar;C:\Users\FLEX 5\.m2\repository\commons-io\commons-io\2.11.0\commons-io-2.11.0.jar;C:\Users\FLEX 5\.m2\repository\org\apache\kafka\kafka-clients\3.8.1\kafka-clients-3.8.1-test.jar;C:\Users\FLEX 5\.m2\repository\org\apache\kafka\kafka-server\3.8.1\kafka-server-3.8.1.jar;C:\Users\FLEX 5\.m2\repository\org\apache\kafka\kafka-group-coordinator\3.8.1\kafka-group-coordinator-3.8.1.jar;C:\Users\FLEX 5\.m2\repository\org\apache\kafka\kafka-transaction-coordinator\3.8.1\kafka-transaction-coordinator-3.8.1.jar;C:\Users\FLEX 5\.m2\repository\org\apache\kafka\kafka-raft\3.8.1\kafka-raft-3.8.1.jar;C:\Users\FLEX 5\.m2\repository\com\yammer\metrics\metrics-core\2.2.0\metrics-core-2.2.0.jar;C:\Users\FLEX 5\.m2\repository\org\apache\kafka\kafka-metadata\3.8.1\kafka-metadata-3.8.1.jar;C:\Users\FLEX 5\.m2\repository\org\apache\kafka\kafka-server-common\3.8.1\kafka-server-common-3.8.1.jar;C:\Users\FLEX 5\.m2\repository\net\sf\jopt-simple\jopt-simple\5.0.4\jopt-simple-5.0.4.jar;C:\Users\FLEX 5\.m2\repository\org\pcollections\pcollections\4.0.1\pcollections-4.0.1.jar;C:\Users\FLEX 5\.m2\repository\org\apache\kafka\kafka-server-common\3.8.1\kafka-server-common-3.8.1-test.jar;C:\Users\FLEX 5\.m2\repository\org\apache\kafka\kafka-streams-test-utils\3.8.1\kafka-streams-test-utils-3.8.1.jar;C:\Users\FLEX 5\.m2\repository\org\apache\kafka\kafka-streams\3.8.1\kafka-streams-3.8.1.jar;C:\Users\FLEX 5\.m2\repository\org\rocksdb\rocksdbjni\7.9.2\rocksdbjni-7.9.2.jar;C:\Users\FLEX 5\.m2\repository\org\apache\kafka\kafka_2.13\3.8.1\kafka_2.13-3.8.1.jar;C:\Users\FLEX 5\.m2\repository\org\scala-lang\scala-library\2.13.14\scala-library-2.13.14.jar;C:\Users\FLEX 5\.m2\repository\org\apache\kafka\kafka-group-coordinator-api\3.8.1\kafka-group-coordinator-api-3.8.1.jar;C:\Users\FLEX 5\.m2\repository\org\apache\kafka\kafka-storage-api\3.8.1\kafka-storage-api-3.8.1.jar;C:\Users\FLEX 5\.m2\repository\org\apache\kafka\kafka-tools-api\3.8.1\kafka-tools-api-3.8.1.jar;C:\Users\FLEX 5\.m2\repository\org\apache\kafka\kafka-storage\3.8.1\kafka-storage-3.8.1.jar;C:\Users\FLEX 5\.m2\repository\com\github\ben-manes\caffeine\caffeine\3.1.8\caffeine-3.1.8.jar;C:\Users\FLEX 5\.m2\repository\org\checkerframework\checker-qual\3.37.0\checker-qual-3.37.0.jar;C:\Users\FLEX 5\.m2\repository\com\google\errorprone\error_prone_annotations\2.21.1\error_prone_annotations-2.21.1.jar;C:\Users\FLEX 5\.m2\repository\net\sourceforge\argparse4j\argparse4j\0.7.0\argparse4j-0.7.0.jar;C:\Users\FLEX 5\.m2\repository\commons-validator\commons-validator\1.7\commons-validator-1.7.jar;C:\Users\FLEX 5\.m2\repository\commons-beanutils\commons-beanutils\1.9.4\commons-beanutils-1.9.4.jar;C:\Users\FLEX 5\.m2\repository\commons-digester\commons-digester\2.1\commons-digester-2.1.jar;C:\Users\FLEX 5\.m2\repository\commons-collections\commons-collections\3.2.2\commons-collections-3.2.2.jar;C:\Users\FLEX 5\.m2\repository\com\fasterxml\jackson\module\jackson-module-scala_2.13\2.18.2\jackson-module-scala_2.13-2.18.2.jar;C:\Users\FLEX 5\.m2\repository\com\thoughtworks\paranamer\paranamer\2.8\paranamer-2.8.jar;C:\Users\FLEX 5\.m2\repository\com\fasterxml\jackson\dataformat\jackson-dataformat-csv\2.18.2\jackson-dataformat-csv-2.18.2.jar;C:\Users\FLEX 5\.m2\repository\org\bitbucket\b_c\jose4j\0.9.4\jose4j-0.9.4.jar;C:\Users\FLEX 5\.m2\repository\org\scala-lang\modules\scala-collection-compat_2.13\2.10.0\scala-collection-compat_2.13-2.10.0.jar;C:\Users\FLEX 5\.m2\repository\org\scala-lang\modules\scala-java8-compat_2.13\1.0.2\scala-java8-compat_2.13-1.0.2.jar;C:\Users\FLEX 5\.m2\repository\org\scala-lang\scala-reflect\2.13.14\scala-reflect-2.13.14.jar;C:\Users\FLEX 5\.m2\repository\com\typesafe\scala-logging\scala-logging_2.13\3.9.4\scala-logging_2.13-3.9.4.jar;C:\Users\FLEX 5\.m2\repository\io\dropwizard\metrics\metrics-core\4.1.12.1\metrics-core-4.1.12.1.jar;C:\Users\FLEX 5\.m2\repository\commons-cli\commons-cli\1.4\commons-cli-1.4.jar;C:\Users\FLEX 5\.m2\repository\org\apache\kafka\kafka_2.13\3.8.1\kafka_2.13-3.8.1-test.jar;C:\Users\FLEX 5\.m2\repository\org\junit\jupiter\junit-jupiter-api\5.11.4\junit-jupiter-api-5.11.4.jar;C:\Users\FLEX 5\.m2\repository\org\opentest4j\opentest4j\1.3.0\opentest4j-1.3.0.jar;C:\Users\FLEX 5\.m2\repository\org\junit\platform\junit-platform-commons\1.11.4\junit-platform-commons-1.11.4.jar;C:\Users\FLEX 5\.m2\repository\org\apiguardian\apiguardian-api\1.1.2\apiguardian-api-1.1.2.jar;C:\Users\FLEX 5\.m2\repository\org\junit\platform\junit-platform-launcher\1.11.4\junit-platform-launcher-1.11.4.jar;C:\Users\FLEX 5\.m2\repository\org\junit\platform\junit-platform-engine\1.11.4\junit-platform-engine-1.11.4.jar;C:\Users\FLEX 5\.m2\repository\org\projectlombok\lombok\1.18.28\lombok-1.18.28.jar;C:\Users\FLEX 5\.m2\repository\org\springdoc\springdoc-openapi-ui\1.6.0\springdoc-openapi-ui-1.6.0.jar;C:\Users\FLEX 5\.m2\repository\org\springdoc\springdoc-openapi-webmvc-core\1.6.0\springdoc-openapi-webmvc-core-1.6.0.jar;C:\Users\FLEX 5\.m2\repository\org\springdoc\springdoc-openapi-common\1.6.0\springdoc-openapi-common-1.6.0.jar;C:\Users\FLEX 5\.m2\repository\io\swagger\core\v3\swagger-models\2.1.11\swagger-models-2.1.11.jar;C:\Users\FLEX 5\.m2\repository\io\swagger\core\v3\swagger-annotations\2.1.11\swagger-annotations-2.1.11.jar;C:\Users\FLEX 5\.m2\repository\io\swagger\core\v3\swagger-integration\2.1.11\swagger-integration-2.1.11.jar;C:\Users\FLEX 5\.m2\repository\io\swagger\core\v3\swagger-core\2.1.11\swagger-core-2.1.11.jar;C:\Users\FLEX 5\.m2\repository\com\fasterxml\jackson\dataformat\jackson-dataformat-yaml\2.18.2\jackson-dataformat-yaml-2.18.2.jar;C:\Users\FLEX 5\.m2\repository\jakarta\validation\jakarta.validation-api\3.0.2\jakarta.validation-api-3.0.2.jar;C:\Users\FLEX 5\.m2\repository\io\github\classgraph\classgraph\4.8.116\classgraph-4.8.116.jar;C:\Users\FLEX 5\.m2\repository\org\apache\commons\commons-lang3\3.17.0\commons-lang3-3.17.0.jar;C:\Users\FLEX 5\.m2\repository\org\webjars\swagger-ui\4.1.3\swagger-ui-4.1.3.jar;C:\Users\FLEX 5\.m2\repository\org\webjars\webjars-locator-core\0.59\webjars-locator-core-0.59.jar;C:\Users\FLEX 5\.m2\repository\com\fasterxml\jackson\core\jackson-core\2.18.2\jackson-core-2.18.2.jar;"/>
    <property name="java.vm.vendor" value="OpenLogic"/>
    <property name="sun.arch.data.model" value="64"/>
    <property name="user.variant" value=""/>
    <property name="java.vendor.url" value="https://openlogic.com/"/>
    <property name="user.timezone" value="Asia/Calcutta"/>
    <property name="os.name" value="Windows 11"/>
    <property name="java.vm.specification.version" value="17"/>
    <property name="APPLICATION_NAME" value="producer-ms"/>
    <property name="sun.java.launcher" value="SUN_STANDARD"/>
    <property name="user.country" value="IN"/>
    <property name="sun.boot.library.path" value="C:\Program Files\Java\openlogic-openjdk-17.0.13+11-windows-x64\bin"/>
    <property name="sun.java.command" value="C:\Users\FLEX 5\AppData\Local\Temp\surefire14225079479258936304\surefirebooter-20250121210416256_3.jar C:\Users\FLEX 5\AppData\Local\Temp\surefire14225079479258936304 2025-01-21T21-04-16_035-jvmRun1 surefire-20250121210416256_1tmp surefire_0-20250121210416256_2tmp"/>
    <property name="jdk.debug" value="release"/>
    <property name="surefire.test.class.path" value="C:\Users\FLEX 5\Documents\kafka\ScratchProject\producer-ms\target\test-classes;C:\Users\FLEX 5\Documents\kafka\ScratchProject\producer-ms\target\classes;C:\Users\FLEX 5\.m2\repository\com\library\model\core\0.0.1-SNAPSHOT\core-0.0.1-SNAPSHOT.jar;C:\Users\FLEX 5\.m2\repository\org\springframework\boot\spring-boot-starter\3.4.1\spring-boot-starter-3.4.1.jar;C:\Users\FLEX 5\.m2\repository\org\springframework\boot\spring-boot\3.4.1\spring-boot-3.4.1.jar;C:\Users\FLEX 5\.m2\repository\org\springframework\boot\spring-boot-autoconfigure\3.4.1\spring-boot-autoconfigure-3.4.1.jar;C:\Users\FLEX 5\.m2\repository\org\springframework\boot\spring-boot-starter-logging\3.4.1\spring-boot-starter-logging-3.4.1.jar;C:\Users\FLEX 5\.m2\repository\ch\qos\logback\logback-classic\1.5.12\logback-classic-1.5.12.jar;C:\Users\FLEX 5\.m2\repository\org\apache\logging\log4j\log4j-to-slf4j\2.24.3\log4j-to-slf4j-2.24.3.jar;C:\Users\FLEX 5\.m2\repository\org\apache\logging\log4j\log4j-api\2.24.3\log4j-api-2.24.3.jar;C:\Users\FLEX 5\.m2\repository\org\slf4j\jul-to-slf4j\2.0.16\jul-to-slf4j-2.0.16.jar;C:\Users\FLEX 5\.m2\repository\jakarta\annotation\jakarta.annotation-api\2.1.1\jakarta.annotation-api-2.1.1.jar;C:\Users\FLEX 5\.m2\repository\org\springframework\spring-core\6.2.1\spring-core-6.2.1.jar;C:\Users\FLEX 5\.m2\repository\org\springframework\spring-jcl\6.2.1\spring-jcl-6.2.1.jar;C:\Users\FLEX 5\.m2\repository\org\yaml\snakeyaml\2.3\snakeyaml-2.3.jar;C:\Users\FLEX 5\.m2\repository\org\springframework\boot\spring-boot-starter-web\3.4.1\spring-boot-starter-web-3.4.1.jar;C:\Users\FLEX 5\.m2\repository\org\springframework\boot\spring-boot-starter-json\3.4.1\spring-boot-starter-json-3.4.1.jar;C:\Users\FLEX 5\.m2\repository\com\fasterxml\jackson\core\jackson-databind\2.18.2\jackson-databind-2.18.2.jar;C:\Users\FLEX 5\.m2\repository\com\fasterxml\jackson\core\jackson-annotations\2.18.2\jackson-annotations-2.18.2.jar;C:\Users\FLEX 5\.m2\repository\com\fasterxml\jackson\datatype\jackson-datatype-jdk8\2.18.2\jackson-datatype-jdk8-2.18.2.jar;C:\Users\FLEX 5\.m2\repository\com\fasterxml\jackson\datatype\jackson-datatype-jsr310\2.18.2\jackson-datatype-jsr310-2.18.2.jar;C:\Users\FLEX 5\.m2\repository\com\fasterxml\jackson\module\jackson-module-parameter-names\2.18.2\jackson-module-parameter-names-2.18.2.jar;C:\Users\FLEX 5\.m2\repository\org\springframework\boot\spring-boot-starter-tomcat\3.4.1\spring-boot-starter-tomcat-3.4.1.jar;C:\Users\FLEX 5\.m2\repository\org\apache\tomcat\embed\tomcat-embed-core\10.1.34\tomcat-embed-core-10.1.34.jar;C:\Users\FLEX 5\.m2\repository\org\apache\tomcat\embed\tomcat-embed-el\10.1.34\tomcat-embed-el-10.1.34.jar;C:\Users\FLEX 5\.m2\repository\org\apache\tomcat\embed\tomcat-embed-websocket\10.1.34\tomcat-embed-websocket-10.1.34.jar;C:\Users\FLEX 5\.m2\repository\org\springframework\spring-web\6.2.1\spring-web-6.2.1.jar;C:\Users\FLEX 5\.m2\repository\org\springframework\spring-beans\6.2.1\spring-beans-6.2.1.jar;C:\Users\FLEX 5\.m2\repository\org\springframework\spring-webmvc\6.2.1\spring-webmvc-6.2.1.jar;C:\Users\FLEX 5\.m2\repository\org\springframework\spring-aop\6.2.1\spring-aop-6.2.1.jar;C:\Users\FLEX 5\.m2\repository\org\springframework\spring-expression\6.2.1\spring-expression-6.2.1.jar;C:\Users\FLEX 5\.m2\repository\org\springframework\kafka\spring-kafka\3.3.1\spring-kafka-3.3.1.jar;C:\Users\FLEX 5\.m2\repository\org\springframework\spring-context\6.2.1\spring-context-6.2.1.jar;C:\Users\FLEX 5\.m2\repository\org\springframework\spring-messaging\6.2.1\spring-messaging-6.2.1.jar;C:\Users\FLEX 5\.m2\repository\org\springframework\spring-tx\6.2.1\spring-tx-6.2.1.jar;C:\Users\FLEX 5\.m2\repository\org\springframework\retry\spring-retry\2.0.11\spring-retry-2.0.11.jar;C:\Users\FLEX 5\.m2\repository\org\apache\kafka\kafka-clients\3.8.1\kafka-clients-3.8.1.jar;C:\Users\FLEX 5\.m2\repository\com\github\luben\zstd-jni\1.5.6-4\zstd-jni-1.5.6-4.jar;C:\Users\FLEX 5\.m2\repository\org\lz4\lz4-java\1.8.0\lz4-java-1.8.0.jar;C:\Users\FLEX 5\.m2\repository\org\xerial\snappy\snappy-java\1.1.10.5\snappy-java-1.1.10.5.jar;C:\Users\FLEX 5\.m2\repository\org\slf4j\slf4j-api\2.0.16\slf4j-api-2.0.16.jar;C:\Users\FLEX 5\.m2\repository\io\micrometer\micrometer-observation\1.14.2\micrometer-observation-1.14.2.jar;C:\Users\FLEX 5\.m2\repository\io\micrometer\micrometer-commons\1.14.2\micrometer-commons-1.14.2.jar;C:\Users\FLEX 5\.m2\repository\org\springframework\boot\spring-boot-starter-test\3.4.1\spring-boot-starter-test-3.4.1.jar;C:\Users\FLEX 5\.m2\repository\org\springframework\boot\spring-boot-test\3.4.1\spring-boot-test-3.4.1.jar;C:\Users\FLEX 5\.m2\repository\org\springframework\boot\spring-boot-test-autoconfigure\3.4.1\spring-boot-test-autoconfigure-3.4.1.jar;C:\Users\FLEX 5\.m2\repository\com\jayway\jsonpath\json-path\2.9.0\json-path-2.9.0.jar;C:\Users\FLEX 5\.m2\repository\jakarta\xml\bind\jakarta.xml.bind-api\4.0.2\jakarta.xml.bind-api-4.0.2.jar;C:\Users\FLEX 5\.m2\repository\jakarta\activation\jakarta.activation-api\2.1.3\jakarta.activation-api-2.1.3.jar;C:\Users\FLEX 5\.m2\repository\net\minidev\json-smart\2.5.1\json-smart-2.5.1.jar;C:\Users\FLEX 5\.m2\repository\net\minidev\accessors-smart\2.5.1\accessors-smart-2.5.1.jar;C:\Users\FLEX 5\.m2\repository\org\ow2\asm\asm\9.6\asm-9.6.jar;C:\Users\FLEX 5\.m2\repository\org\assertj\assertj-core\3.26.3\assertj-core-3.26.3.jar;C:\Users\FLEX 5\.m2\repository\net\bytebuddy\byte-buddy\1.15.11\byte-buddy-1.15.11.jar;C:\Users\FLEX 5\.m2\repository\org\awaitility\awaitility\4.2.2\awaitility-4.2.2.jar;C:\Users\FLEX 5\.m2\repository\org\hamcrest\hamcrest\2.2\hamcrest-2.2.jar;C:\Users\FLEX 5\.m2\repository\org\junit\jupiter\junit-jupiter\5.11.4\junit-jupiter-5.11.4.jar;C:\Users\FLEX 5\.m2\repository\org\junit\jupiter\junit-jupiter-params\5.11.4\junit-jupiter-params-5.11.4.jar;C:\Users\FLEX 5\.m2\repository\org\junit\jupiter\junit-jupiter-engine\5.11.4\junit-jupiter-engine-5.11.4.jar;C:\Users\FLEX 5\.m2\repository\org\mockito\mockito-core\5.14.2\mockito-core-5.14.2.jar;C:\Users\FLEX 5\.m2\repository\net\bytebuddy\byte-buddy-agent\1.15.11\byte-buddy-agent-1.15.11.jar;C:\Users\FLEX 5\.m2\repository\org\objenesis\objenesis\3.3\objenesis-3.3.jar;C:\Users\FLEX 5\.m2\repository\org\mockito\mockito-junit-jupiter\5.14.2\mockito-junit-jupiter-5.14.2.jar;C:\Users\FLEX 5\.m2\repository\org\skyscreamer\jsonassert\1.5.3\jsonassert-1.5.3.jar;C:\Users\FLEX 5\.m2\repository\com\vaadin\external\google\android-json\0.0.20131108.vaadin1\android-json-0.0.20131108.vaadin1.jar;C:\Users\FLEX 5\.m2\repository\org\springframework\spring-test\6.2.1\spring-test-6.2.1.jar;C:\Users\FLEX 5\.m2\repository\org\xmlunit\xmlunit-core\2.10.0\xmlunit-core-2.10.0.jar;C:\Users\FLEX 5\.m2\repository\org\springframework\kafka\spring-kafka-test\3.3.1\spring-kafka-test-3.3.1.jar;C:\Users\FLEX 5\.m2\repository\org\apache\zookeeper\zookeeper\3.8.4\zookeeper-3.8.4.jar;C:\Users\FLEX 5\.m2\repository\org\apache\zookeeper\zookeeper-jute\3.8.4\zookeeper-jute-3.8.4.jar;C:\Users\FLEX 5\.m2\repository\org\apache\yetus\audience-annotations\0.12.0\audience-annotations-0.12.0.jar;C:\Users\FLEX 5\.m2\repository\io\netty\netty-handler\4.1.116.Final\netty-handler-4.1.116.Final.jar;C:\Users\FLEX 5\.m2\repository\io\netty\netty-common\4.1.116.Final\netty-common-4.1.116.Final.jar;C:\Users\FLEX 5\.m2\repository\io\netty\netty-resolver\4.1.116.Final\netty-resolver-4.1.116.Final.jar;C:\Users\FLEX 5\.m2\repository\io\netty\netty-buffer\4.1.116.Final\netty-buffer-4.1.116.Final.jar;C:\Users\FLEX 5\.m2\repository\io\netty\netty-transport\4.1.116.Final\netty-transport-4.1.116.Final.jar;C:\Users\FLEX 5\.m2\repository\io\netty\netty-transport-native-unix-common\4.1.116.Final\netty-transport-native-unix-common-4.1.116.Final.jar;C:\Users\FLEX 5\.m2\repository\io\netty\netty-codec\4.1.116.Final\netty-codec-4.1.116.Final.jar;C:\Users\FLEX 5\.m2\repository\io\netty\netty-transport-native-epoll\4.1.116.Final\netty-transport-native-epoll-4.1.116.Final.jar;C:\Users\FLEX 5\.m2\repository\io\netty\netty-transport-classes-epoll\4.1.116.Final\netty-transport-classes-epoll-4.1.116.Final.jar;C:\Users\FLEX 5\.m2\repository\ch\qos\logback\logback-core\1.5.12\logback-core-1.5.12.jar;C:\Users\FLEX 5\.m2\repository\commons-io\commons-io\2.11.0\commons-io-2.11.0.jar;C:\Users\FLEX 5\.m2\repository\org\apache\kafka\kafka-clients\3.8.1\kafka-clients-3.8.1-test.jar;C:\Users\FLEX 5\.m2\repository\org\apache\kafka\kafka-server\3.8.1\kafka-server-3.8.1.jar;C:\Users\FLEX 5\.m2\repository\org\apache\kafka\kafka-group-coordinator\3.8.1\kafka-group-coordinator-3.8.1.jar;C:\Users\FLEX 5\.m2\repository\org\apache\kafka\kafka-transaction-coordinator\3.8.1\kafka-transaction-coordinator-3.8.1.jar;C:\Users\FLEX 5\.m2\repository\org\apache\kafka\kafka-raft\3.8.1\kafka-raft-3.8.1.jar;C:\Users\FLEX 5\.m2\repository\com\yammer\metrics\metrics-core\2.2.0\metrics-core-2.2.0.jar;C:\Users\FLEX 5\.m2\repository\org\apache\kafka\kafka-metadata\3.8.1\kafka-metadata-3.8.1.jar;C:\Users\FLEX 5\.m2\repository\org\apache\kafka\kafka-server-common\3.8.1\kafka-server-common-3.8.1.jar;C:\Users\FLEX 5\.m2\repository\net\sf\jopt-simple\jopt-simple\5.0.4\jopt-simple-5.0.4.jar;C:\Users\FLEX 5\.m2\repository\org\pcollections\pcollections\4.0.1\pcollections-4.0.1.jar;C:\Users\FLEX 5\.m2\repository\org\apache\kafka\kafka-server-common\3.8.1\kafka-server-common-3.8.1-test.jar;C:\Users\FLEX 5\.m2\repository\org\apache\kafka\kafka-streams-test-utils\3.8.1\kafka-streams-test-utils-3.8.1.jar;C:\Users\FLEX 5\.m2\repository\org\apache\kafka\kafka-streams\3.8.1\kafka-streams-3.8.1.jar;C:\Users\FLEX 5\.m2\repository\org\rocksdb\rocksdbjni\7.9.2\rocksdbjni-7.9.2.jar;C:\Users\FLEX 5\.m2\repository\org\apache\kafka\kafka_2.13\3.8.1\kafka_2.13-3.8.1.jar;C:\Users\FLEX 5\.m2\repository\org\scala-lang\scala-library\2.13.14\scala-library-2.13.14.jar;C:\Users\FLEX 5\.m2\repository\org\apache\kafka\kafka-group-coordinator-api\3.8.1\kafka-group-coordinator-api-3.8.1.jar;C:\Users\FLEX 5\.m2\repository\org\apache\kafka\kafka-storage-api\3.8.1\kafka-storage-api-3.8.1.jar;C:\Users\FLEX 5\.m2\repository\org\apache\kafka\kafka-tools-api\3.8.1\kafka-tools-api-3.8.1.jar;C:\Users\FLEX 5\.m2\repository\org\apache\kafka\kafka-storage\3.8.1\kafka-storage-3.8.1.jar;C:\Users\FLEX 5\.m2\repository\com\github\ben-manes\caffeine\caffeine\3.1.8\caffeine-3.1.8.jar;C:\Users\FLEX 5\.m2\repository\org\checkerframework\checker-qual\3.37.0\checker-qual-3.37.0.jar;C:\Users\FLEX 5\.m2\repository\com\google\errorprone\error_prone_annotations\2.21.1\error_prone_annotations-2.21.1.jar;C:\Users\FLEX 5\.m2\repository\net\sourceforge\argparse4j\argparse4j\0.7.0\argparse4j-0.7.0.jar;C:\Users\FLEX 5\.m2\repository\commons-validator\commons-validator\1.7\commons-validator-1.7.jar;C:\Users\FLEX 5\.m2\repository\commons-beanutils\commons-beanutils\1.9.4\commons-beanutils-1.9.4.jar;C:\Users\FLEX 5\.m2\repository\commons-digester\commons-digester\2.1\commons-digester-2.1.jar;C:\Users\FLEX 5\.m2\repository\commons-collections\commons-collections\3.2.2\commons-collections-3.2.2.jar;C:\Users\FLEX 5\.m2\repository\com\fasterxml\jackson\module\jackson-module-scala_2.13\2.18.2\jackson-module-scala_2.13-2.18.2.jar;C:\Users\FLEX 5\.m2\repository\com\thoughtworks\paranamer\paranamer\2.8\paranamer-2.8.jar;C:\Users\FLEX 5\.m2\repository\com\fasterxml\jackson\dataformat\jackson-dataformat-csv\2.18.2\jackson-dataformat-csv-2.18.2.jar;C:\Users\FLEX 5\.m2\repository\org\bitbucket\b_c\jose4j\0.9.4\jose4j-0.9.4.jar;C:\Users\FLEX 5\.m2\repository\org\scala-lang\modules\scala-collection-compat_2.13\2.10.0\scala-collection-compat_2.13-2.10.0.jar;C:\Users\FLEX 5\.m2\repository\org\scala-lang\modules\scala-java8-compat_2.13\1.0.2\scala-java8-compat_2.13-1.0.2.jar;C:\Users\FLEX 5\.m2\repository\org\scala-lang\scala-reflect\2.13.14\scala-reflect-2.13.14.jar;C:\Users\FLEX 5\.m2\repository\com\typesafe\scala-logging\scala-logging_2.13\3.9.4\scala-logging_2.13-3.9.4.jar;C:\Users\FLEX 5\.m2\repository\io\dropwizard\metrics\metrics-core\4.1.12.1\metrics-core-4.1.12.1.jar;C:\Users\FLEX 5\.m2\repository\commons-cli\commons-cli\1.4\commons-cli-1.4.jar;C:\Users\FLEX 5\.m2\repository\org\apache\kafka\kafka_2.13\3.8.1\kafka_2.13-3.8.1-test.jar;C:\Users\FLEX 5\.m2\repository\org\junit\jupiter\junit-jupiter-api\5.11.4\junit-jupiter-api-5.11.4.jar;C:\Users\FLEX 5\.m2\repository\org\opentest4j\opentest4j\1.3.0\opentest4j-1.3.0.jar;C:\Users\FLEX 5\.m2\repository\org\junit\platform\junit-platform-commons\1.11.4\junit-platform-commons-1.11.4.jar;C:\Users\FLEX 5\.m2\repository\org\apiguardian\apiguardian-api\1.1.2\apiguardian-api-1.1.2.jar;C:\Users\FLEX 5\.m2\repository\org\junit\platform\junit-platform-launcher\1.11.4\junit-platform-launcher-1.11.4.jar;C:\Users\FLEX 5\.m2\repository\org\junit\platform\junit-platform-engine\1.11.4\junit-platform-engine-1.11.4.jar;C:\Users\FLEX 5\.m2\repository\org\projectlombok\lombok\1.18.28\lombok-1.18.28.jar;C:\Users\FLEX 5\.m2\repository\org\springdoc\springdoc-openapi-ui\1.6.0\springdoc-openapi-ui-1.6.0.jar;C:\Users\FLEX 5\.m2\repository\org\springdoc\springdoc-openapi-webmvc-core\1.6.0\springdoc-openapi-webmvc-core-1.6.0.jar;C:\Users\FLEX 5\.m2\repository\org\springdoc\springdoc-openapi-common\1.6.0\springdoc-openapi-common-1.6.0.jar;C:\Users\FLEX 5\.m2\repository\io\swagger\core\v3\swagger-models\2.1.11\swagger-models-2.1.11.jar;C:\Users\FLEX 5\.m2\repository\io\swagger\core\v3\swagger-annotations\2.1.11\swagger-annotations-2.1.11.jar;C:\Users\FLEX 5\.m2\repository\io\swagger\core\v3\swagger-integration\2.1.11\swagger-integration-2.1.11.jar;C:\Users\FLEX 5\.m2\repository\io\swagger\core\v3\swagger-core\2.1.11\swagger-core-2.1.11.jar;C:\Users\FLEX 5\.m2\repository\com\fasterxml\jackson\dataformat\jackson-dataformat-yaml\2.18.2\jackson-dataformat-yaml-2.18.2.jar;C:\Users\FLEX 5\.m2\repository\jakarta\validation\jakarta.validation-api\3.0.2\jakarta.validation-api-3.0.2.jar;C:\Users\FLEX 5\.m2\repository\io\github\classgraph\classgraph\4.8.116\classgraph-4.8.116.jar;C:\Users\FLEX 5\.m2\repository\org\apache\commons\commons-lang3\3.17.0\commons-lang3-3.17.0.jar;C:\Users\FLEX 5\.m2\repository\org\webjars\swagger-ui\4.1.3\swagger-ui-4.1.3.jar;C:\Users\FLEX 5\.m2\repository\org\webjars\webjars-locator-core\0.59\webjars-locator-core-0.59.jar;C:\Users\FLEX 5\.m2\repository\com\fasterxml\jackson\core\jackson-core\2.18.2\jackson-core-2.18.2.jar;"/>
    <property name="sun.cpu.endian" value="little"/>
    <property name="user.home" value="C:\Users\FLEX 5"/>
    <property name="user.language" value="en"/>
    <property name="java.specification.vendor" value="Oracle Corporation"/>
    <property name="java.version.date" value="2024-10-15"/>
    <property name="java.home" value="C:\Program Files\Java\openlogic-openjdk-17.0.13+11-windows-x64"/>
    <property name="file.separator" value="\"/>
    <property name="basedir" value="C:\Users\FLEX 5\Documents\kafka\ScratchProject\producer-ms"/>
    <property name="java.vm.compressedOopsMode" value="Zero based"/>
    <property name="line.separator" value="&#10;"/>
    <property name="java.vm.specification.vendor" value="Oracle Corporation"/>
    <property name="java.specification.name" value="Java Platform API Specification"/>
    <property name="FILE_LOG_CHARSET" value="windows-1252"/>
    <property name="java.awt.headless" value="true"/>
    <property name="surefire.real.class.path" value="C:\Users\FLEX 5\AppData\Local\Temp\surefire14225079479258936304\surefirebooter-20250121210416256_3.jar"/>
    <property name="user.script" value=""/>
    <property name="sun.management.compiler" value="HotSpot 64-Bit Tiered Compilers"/>
    <property name="java.runtime.version" value="17.0.13+11-adhoc..jdk17u"/>
    <property name="user.name" value="FLEX 5"/>
    <property name="path.separator" value=";"/>
    <property name="os.version" value="10.0"/>
    <property name="java.runtime.name" value="OpenJDK Runtime Environment"/>
    <property name="file.encoding" value="Cp1252"/>
    <property name="java.vm.name" value="OpenJDK 64-Bit Server VM"/>
    <property name="java.vendor.version" value="OpenLogic-OpenJDK"/>
    <property name="localRepository" value="C:\Users\FLEX 5\.m2\repository"/>
    <property name="java.vendor.url.bug" value="https://techsupport.roguewave.com/"/>
    <property name="java.io.tmpdir" value="C:\Users\FLEX5~1\AppData\Local\Temp\"/>
    <property name="idea.version" value="2024.3.1.1"/>
    <property name="java.version" value="17.0.13"/>
    <property name="user.dir" value="C:\Users\FLEX 5\Documents\kafka\ScratchProject\producer-ms"/>
    <property name="os.arch" value="amd64"/>
    <property name="java.vm.specification.name" value="Java Virtual Machine Specification"/>
    <property name="PID" value="5684"/>
    <property name="sun.os.patch.level" value=""/>
    <property name="CONSOLE_LOG_CHARSET" value="windows-1252"/>
    <property name="native.encoding" value="Cp1252"/>
    <property name="java.library.path" value="C:\Program Files\Java\openlogic-openjdk-17.0.13+11-windows-x64\bin;C:\WINDOWS\Sun\Java\bin;C:\WINDOWS\system32;C:\WINDOWS;C:\Program Files\Common Files\Oracle\Java\javapath;C:\Program Files (x86)\Common Files\Oracle\Java\javapath;C:\WINDOWS\system32;C:\WINDOWS;C:\WINDOWS\System32\Wbem;C:\WINDOWS\System32\WindowsPowerShell\v1.0\;C:\WINDOWS\System32\OpenSSH\;C:\Program Files\Git\cmd;C:\Program Files\Amazon\AWSCLIV2\;C:\nvm;C:\nvm4w\nodejs;C:\Program Files\nodejs\;C:\Program Files\Docker\Docker\resources\bin;C:\Users\FLEX 5\Pictures\apache-maven-3.9.9\bin;C:\Users\FLEX 5\AppData\Local\Microsoft\WindowsApps;C:\Users\FLEX 5\AppData\Local\Programs\Microsoft VS Code\bin;C:\nvm;C:\nvm4w\nodejs;C:\Users\FLEX 5\AppData\Roaming\npm;."/>
    <property name="java.vm.info" value="mixed mode, sharing"/>
    <property name="java.vendor" value="OpenLogic"/>
    <property name="java.vm.version" value="17.0.13+11-adhoc..jdk17u"/>
    <property name="java.specification.maintenance.version" value="1"/>
    <property name="sun.io.unicode.encoding" value="UnicodeLittle"/>
    <property name="java.class.version" value="61.0"/>
    <property name="LOGGED_APPLICATION_NAME" value="[producer-ms] "/>
  </properties>
  <testcase name="contextLoads" classname="com.product.producer_ms.ProducerMsApplicationTests" time="1.313">
    <system-out><![CDATA[21:04:17.791 [main] INFO org.springframework.test.context.support.AnnotationConfigContextLoaderUtils -- Could not detect default configuration classes for test class [com.product.producer_ms.ProducerMsApplicationTests]: ProducerMsApplicationTests does not declare any static, non-private, non-final, nested classes annotated with @Configuration.
21:04:17.949 [main] INFO org.springframework.boot.test.context.SpringBootTestContextBootstrapper -- Found @SpringBootConfiguration com.product.producer_ms.ProducerMsApplication for test class com.product.producer_ms.ProducerMsApplicationTests

  .   ____          _            __ _ _
 /\\ / ___'_ __ _ _(_)_ __  __ _ \ \ \ \
( ( )\___ | '_ | '_| | '_ \/ _` | \ \ \ \
 \\/  ___)| |_)| | | | | || (_| |  ) ) ) )
  '  |____| .__|_| |_|_| |_\__, | / / / /
 =========|_|==============|___/=/_/_/_/

 :: Spring Boot ::                (v3.4.1)

2025-01-21T21:04:18.743+05:30  INFO 5684 --- [producer-ms] [           main] c.p.p.ProducerMsApplicationTests         : Starting ProducerMsApplicationTests using Java 17.0.13 with PID 5684 (started by FLEX 5 in C:\Users\FLEX 5\Documents\kafka\ScratchProject\producer-ms)
2025-01-21T21:04:18.745+05:30  INFO 5684 --- [producer-ms] [           main] c.p.p.ProducerMsApplicationTests         : No active profile set, falling back to 1 default profile: "default"
2025-01-21T21:04:20.339+05:30  INFO 5684 --- [producer-ms] [           main] o.s.v.b.OptionalValidatorFactoryBean     : Failed to set up a Bean Validation provider: jakarta.validation.NoProviderFoundException: Unable to create a Configuration, because no Jakarta Bean Validation provider could be found. Add a provider like Hibernate Validator (RI) to your classpath.
2025-01-21T21:04:21.706+05:30  INFO 5684 --- [producer-ms] [           main] o.a.k.clients.admin.AdminClientConfig    : AdminClientConfig values: 
	auto.include.jmx.reporter = true
	bootstrap.controllers = []
	bootstrap.servers = [localhost:9092]
	client.dns.lookup = use_all_dns_ips
	client.id = producer-ms-admin-0
	connections.max.idle.ms = 300000
	default.api.timeout.ms = 60000
	enable.metrics.push = true
	metadata.max.age.ms = 300000
	metadata.recovery.strategy = none
	metric.reporters = []
	metrics.num.samples = 2
	metrics.recording.level = INFO
	metrics.sample.window.ms = 30000
	receive.buffer.bytes = 65536
	reconnect.backoff.max.ms = 1000
	reconnect.backoff.ms = 50
	request.timeout.ms = 30000
	retries = 2147483647
	retry.backoff.max.ms = 1000
	retry.backoff.ms = 100
	sasl.client.callback.handler.class = null
	sasl.jaas.config = null
	sasl.kerberos.kinit.cmd = /usr/bin/kinit
	sasl.kerberos.min.time.before.relogin = 60000
	sasl.kerberos.service.name = null
	sasl.kerberos.ticket.renew.jitter = 0.05
	sasl.kerberos.ticket.renew.window.factor = 0.8
	sasl.login.callback.handler.class = null
	sasl.login.class = null
	sasl.login.connect.timeout.ms = null
	sasl.login.read.timeout.ms = null
	sasl.login.refresh.buffer.seconds = 300
	sasl.login.refresh.min.period.seconds = 60
	sasl.login.refresh.window.factor = 0.8
	sasl.login.refresh.window.jitter = 0.05
	sasl.login.retry.backoff.max.ms = 10000
	sasl.login.retry.backoff.ms = 100
	sasl.mechanism = GSSAPI
	sasl.oauthbearer.clock.skew.seconds = 30
	sasl.oauthbearer.expected.audience = null
	sasl.oauthbearer.expected.issuer = null
	sasl.oauthbearer.jwks.endpoint.refresh.ms = 3600000
	sasl.oauthbearer.jwks.endpoint.retry.backoff.max.ms = 10000
	sasl.oauthbearer.jwks.endpoint.retry.backoff.ms = 100
	sasl.oauthbearer.jwks.endpoint.url = null
	sasl.oauthbearer.scope.claim.name = scope
	sasl.oauthbearer.sub.claim.name = sub
	sasl.oauthbearer.token.endpoint.url = null
	security.protocol = PLAINTEXT
	security.providers = null
	send.buffer.bytes = 131072
	socket.connection.setup.timeout.max.ms = 30000
	socket.connection.setup.timeout.ms = 10000
	ssl.cipher.suites = null
	ssl.enabled.protocols = [TLSv1.2, TLSv1.3]
	ssl.endpoint.identification.algorithm = https
	ssl.engine.factory.class = null
	ssl.key.password = null
	ssl.keymanager.algorithm = SunX509
	ssl.keystore.certificate.chain = null
	ssl.keystore.key = null
	ssl.keystore.location = null
	ssl.keystore.password = null
	ssl.keystore.type = JKS
	ssl.protocol = TLSv1.3
	ssl.provider = null
	ssl.secure.random.implementation = null
	ssl.trustmanager.algorithm = PKIX
	ssl.truststore.certificates = null
	ssl.truststore.location = null
	ssl.truststore.password = null
	ssl.truststore.type = JKS

2025-01-21T21:04:21.958+05:30  INFO 5684 --- [producer-ms] [           main] o.a.kafka.common.utils.AppInfoParser     : Kafka version: 3.8.1
2025-01-21T21:04:21.959+05:30  INFO 5684 --- [producer-ms] [           main] o.a.kafka.common.utils.AppInfoParser     : Kafka commitId: 70d6ff42debf7e17
2025-01-21T21:04:21.960+05:30  INFO 5684 --- [producer-ms] [           main] o.a.kafka.common.utils.AppInfoParser     : Kafka startTimeMs: 1737473661957
2025-01-21T21:04:22.555+05:30  INFO 5684 --- [producer-ms] [ucer-ms-admin-0] o.a.kafka.common.utils.AppInfoParser     : App info kafka.admin.client for producer-ms-admin-0 unregistered
2025-01-21T21:04:22.563+05:30  INFO 5684 --- [producer-ms] [ucer-ms-admin-0] o.apache.kafka.common.metrics.Metrics    : Metrics scheduler closed
2025-01-21T21:04:22.564+05:30  INFO 5684 --- [producer-ms] [ucer-ms-admin-0] o.apache.kafka.common.metrics.Metrics    : Closing reporter org.apache.kafka.common.metrics.JmxReporter
2025-01-21T21:04:22.565+05:30  INFO 5684 --- [producer-ms] [ucer-ms-admin-0] o.apache.kafka.common.metrics.Metrics    : Metrics reporters closed
2025-01-21T21:04:22.596+05:30  INFO 5684 --- [producer-ms] [           main] c.p.p.ProducerMsApplicationTests         : Started ProducerMsApplicationTests in 4.325 seconds (process running for 6.127)
]]></system-out>
    <system-err><![CDATA[Jan 21, 2025 9:04:17 PM org.junit.platform.launcher.core.LauncherConfigurationParameters loadClasspathResource
WARNING: Discovered 3 'junit-platform.properties' configuration files on the classpath (see below); only the first (*) will be used.
- jar:file:/C:/Users/FLEX%205/.m2/repository/org/apache/kafka/kafka-clients/3.8.1/kafka-clients-3.8.1-test.jar!/junit-platform.properties (*)
- jar:file:/C:/Users/FLEX%205/.m2/repository/org/apache/kafka/kafka-server-common/3.8.1/kafka-server-common-3.8.1-test.jar!/junit-platform.properties
- jar:file:/C:/Users/FLEX%205/.m2/repository/org/apache/kafka/kafka_2.13/3.8.1/kafka_2.13-3.8.1-test.jar!/junit-platform.properties
Jan 21, 2025 9:04:17 PM org.junit.platform.launcher.core.LauncherConfigurationParameters loadClasspathResource
WARNING: Discovered 3 'junit-platform.properties' configuration files on the classpath (see below); only the first (*) will be used.
- jar:file:/C:/Users/FLEX%205/.m2/repository/org/apache/kafka/kafka-clients/3.8.1/kafka-clients-3.8.1-test.jar!/junit-platform.properties (*)
- jar:file:/C:/Users/FLEX%205/.m2/repository/org/apache/kafka/kafka-server-common/3.8.1/kafka-server-common-3.8.1-test.jar!/junit-platform.properties
- jar:file:/C:/Users/FLEX%205/.m2/repository/org/apache/kafka/kafka_2.13/3.8.1/kafka_2.13-3.8.1-test.jar!/junit-platform.properties
Jan 21, 2025 9:04:17 PM org.junit.platform.launcher.core.LauncherConfigurationParameters loadClasspathResource
WARNING: Discovered 3 'junit-platform.properties' configuration files on the classpath (see below); only the first (*) will be used.
- jar:file:/C:/Users/FLEX%205/.m2/repository/org/apache/kafka/kafka-clients/3.8.1/kafka-clients-3.8.1-test.jar!/junit-platform.properties (*)
- jar:file:/C:/Users/FLEX%205/.m2/repository/org/apache/kafka/kafka-server-common/3.8.1/kafka-server-common-3.8.1-test.jar!/junit-platform.properties
- jar:file:/C:/Users/FLEX%205/.m2/repository/org/apache/kafka/kafka_2.13/3.8.1/kafka_2.13-3.8.1-test.jar!/junit-platform.properties
]]></system-err>
  </testcase>
</testsuite>